[35m[Appium][39m Welcome to Appium v1.22.3
[35m[Appium][39m Non-default server args:
[35m[Appium][39m   port: 64011
[35m[Appium][39m   loglevel: info
[35m[Appium][39m   tmpDir: C:\Users\bibid\AppData\Local\Temp\\Katalon\Appium\Temp1677207264363
[35m[Appium][39m   chromedriverPort: 64012
[35m[Appium][39m Deprecated server args:
[35m[Appium][39m   [31m--chromedriver-port[39m => --default-capabilities
[35m[Appium][39m Default capabilities, which will be added to each request unless overridden by desired capabilities:
[35m[Appium][39m   chromedriverPort: 64012
[35m[Appium][39m Appium REST http interface listener started on 0.0.0.0:64011
[35m[HTTP][39m [37m-->[39m [37mGET[39m [37m/wd/hub/status[39m
[35m[HTTP][39m [90m{}[39m
[35m[HTTP][39m [37m<-- GET /wd/hub/status [39m[32m200[39m [90m4 ms - 68[39m
[35m[HTTP][39m [90m[39m
[35m[HTTP][39m [37m-->[39m [37mGET[39m [37m/wd/hub/status[39m
[35m[HTTP][39m [90m{}[39m
[35m[HTTP][39m [37m<-- GET /wd/hub/status [39m[32m200[39m [90m2 ms - 68[39m
[35m[HTTP][39m [90m[39m
[35m[HTTP][39m [37m-->[39m [37mPOST[39m [37m/wd/hub/session[39m
[35m[HTTP][39m [90m{"desiredCapabilities":{"app":"C:\\Users\\bibid\\Katalon Studio\\SampleMobile\\androidapp\\APIDemos.apk","noReset":true,"deviceName":"samsung SM-A716B (Android 12)","fullReset":false,"platform":"ANDROID","newCommandTimeout":1800,"platformVersion":"12","automationName":"uiautomator2","autoGrantPermissions":true,"platformName":"Android","udid":"R5CN807T0FB","systemPort":64022},"capabilities":{"firstMatch":[{"appium:app":"C:\\Users\\bibid\\Katalon Studio\\SampleMobile\\androidapp\\APIDemos.apk","appium:autoGrantPermissions":true,"appium:automationName":"uiautomator2","appium:deviceName":"samsung SM-A716B (Android 12)","appium:fullReset":false,"appium:newCommandTimeout":1800,"appium:noReset":true,"platform":"ANDROID","platformName":"android","appium:platformVersion":"12","appium:systemPort":64022,"appium:udid":"R5CN807T0FB"}]}}[39m
[35m[BaseDriver][39m The following capabilities are not standard capabilities and should have an extension prefix:
[35m[BaseDriver][39m   platform
[35m[BaseDriver][39m   chromedriverPort
[35m[Appium][39m Appium v1.22.3 creating new AndroidUiautomator2Driver (v1.70.1) session
[35m[BaseDriver][39m The following capabilities were provided, but are not recognized by Appium:
[35m[BaseDriver][39m   platform
[35m[BaseDriver][39m Session created with session id: b43ff8b9-a553-4da0-b5e3-f01f884374f0
[35m[BaseDriver][39m Using local app 'C:\Users\bibid\Katalon Studio\SampleMobile\androidapp\APIDemos.apk'
[35m[ADB][39m Found 1 'build-tools' folders under 'C:\Users\bibid\.katalon\tools\android_sdk' (newest first):
[35m[ADB][39m     C:/Users/bibid/.katalon/tools/android_sdk/build-tools/29.0.3
[35m[ADB][39m Using 'adb.exe' from 'C:\Users\bibid\.katalon\tools\android_sdk\platform-tools\adb.exe'
[35m[AndroidDriver][39m Retrieving device list
[35m[AndroidDriver][39m Using device: R5CN807T0FB
[35m[ADB][39m Using 'adb.exe' from 'C:\Users\bibid\.katalon\tools\android_sdk\platform-tools\adb.exe'
[35m[ADB][39m Getting device platform version
[35m[UiAutomator2][39m Relaxing hidden api policy
[35m[ADB][39m Package name: 'io.appium.android.apis'
[35m[ADB][39m Main activity name: 'io.appium.android.apis.ApiDemos'
[35m[ADB][39m Using 'apksigner.jar' from 'C:\Users\bibid\.katalon\tools\android_sdk\build-tools\29.0.3\lib\apksigner.jar'
[35m[ADB][39m 'C:\Users\bibid\AppData\Roaming\npm\node_modules\appium\node_modules\appium-uiautomator2-server\apks\appium-uiautomator2-server-v4.27.0.apk' is signed with the default certificate
[35m[ADB][39m 'C:\Users\bibid\AppData\Roaming\npm\node_modules\appium\node_modules\appium-uiautomator2-server\apks\appium-uiautomator2-server-debug-androidTest.apk' is signed with the default certificate
[35m[UiAutomator2][39m Server packages are not going to be (re)installed
[35m[ADB][39m Adding packages ["io.appium.settings","io.appium.uiautomator2.server","io.appium.uiautomator2.server.test"] to Doze whitelist
[35m[ADB][39m 'C:\Users\bibid\Katalon Studio\SampleMobile\androidapp\APIDemos.apk' is signed with a non-default certificate
[35m[ADB][39m The application at 'C:\Users\bibid\Katalon Studio\SampleMobile\androidapp\APIDemos.apk' will not be cached, because the device under test has confirmed the support of streamed installs
[35m[ADB][39m The installation of 'APIDemos.apk' took 554ms
[35m[UiAutomator2][39m Starting UIAutomator2 server 4.27.0
[35m[UiAutomator2][39m Using UIAutomator2 server from 'C:\Users\bibid\AppData\Roaming\npm\node_modules\appium\node_modules\appium-uiautomator2-server\apks\appium-uiautomator2-server-v4.27.0.apk' and test from 'C:\Users\bibid\AppData\Roaming\npm\node_modules\appium\node_modules\appium-uiautomator2-server\apks\appium-uiautomator2-server-debug-androidTest.apk'
[35m[UiAutomator2][39m Waiting up to 30000ms for UiAutomator2 to be online...
[35m[WD Proxy][39m socket hang up
[35m[WD Proxy][39m socket hang up
[35m[WD Proxy][39m socket hang up
[35m[WD Proxy][39m Determined the downstream protocol as 'W3C'
[35m[AndroidDriver][39m Screen already unlocked, doing nothing
[35m[UiAutomator2][39m Starting 'io.appium.android.apis/io.appium.android.apis.ApiDemos and waiting for 'io.appium.android.apis/io.appium.android.apis.ApiDemos'
[35m[Appium][39m New AndroidUiautomator2Driver session created successfully, session b43ff8b9-a553-4da0-b5e3-f01f884374f0 added to master session list
[35m[HTTP][39m [37m<-- POST /wd/hub/session [39m[32m200[39m [90m8968 ms - 1302[39m
[35m[HTTP][39m [90m[39m
[35m[HTTP][39m [37m-->[39m [37mGET[39m [37m/wd/hub/session/b43ff8b9-a553-4da0-b5e3-f01f884374f0[39m
[35m[HTTP][39m [90m{}[39m
[35m[HTTP][39m [37m<-- GET /wd/hub/session/b43ff8b9-a553-4da0-b5e3-f01f884374f0 [39m[32m200[39m [90m10 ms - 1256[39m
[35m[HTTP][39m [90m[39m
[35m[HTTP][39m [37m-->[39m [37mGET[39m [37m/wd/hub/session/b43ff8b9-a553-4da0-b5e3-f01f884374f0[39m
[35m[HTTP][39m [90m{}[39m
[35m[HTTP][39m [37m<-- GET /wd/hub/session/b43ff8b9-a553-4da0-b5e3-f01f884374f0 [39m[32m200[39m [90m8 ms - 1256[39m
[35m[HTTP][39m [90m[39m
[35m[HTTP][39m [37m-->[39m [37mGET[39m [37m/wd/hub/status[39m
[35m[HTTP][39m [90m{}[39m
[35m[HTTP][39m [37m<-- GET /wd/hub/status [39m[32m200[39m [90m0 ms - 68[39m
[35m[HTTP][39m [90m[39m
[35m[HTTP][39m [37m-->[39m [37mPOST[39m [37m/wd/hub/session/b43ff8b9-a553-4da0-b5e3-f01f884374f0/timeouts[39m
[35m[HTTP][39m [90m{"implicit":60000}[39m
[35m[HTTP][39m [37m<-- POST /wd/hub/session/b43ff8b9-a553-4da0-b5e3-f01f884374f0/timeouts [39m[32m200[39m [90m2 ms - 14[39m
[35m[HTTP][39m [90m[39m
[35m[HTTP][39m [37m-->[39m [37mGET[39m [37m/wd/hub/session/b43ff8b9-a553-4da0-b5e3-f01f884374f0/source[39m
[35m[HTTP][39m [90m{}[39m
[35m[W3C (b43ff8b9)][39m Driver proxy active, passing request on via HTTP proxy
[35m[WD Proxy][39m Replacing sessionId 4d9cb99d-b3ea-4302-bda0-3f7d3c925351 with b43ff8b9-a553-4da0-b5e3-f01f884374f0
[35m[HTTP][39m [37m<-- GET /wd/hub/session/b43ff8b9-a553-4da0-b5e3-f01f884374f0/source [39m[32m200[39m [90m387 ms - 8575[39m
[35m[HTTP][39m [90m[39m
[35m[HTTP][39m [37m-->[39m [37mGET[39m [37m/wd/hub/session/b43ff8b9-a553-4da0-b5e3-f01f884374f0/screenshot[39m
[35m[HTTP][39m [90m{}[39m
[35m[HTTP][39m [37m<-- GET /wd/hub/session/b43ff8b9-a553-4da0-b5e3-f01f884374f0/screenshot [39m[32m200[39m [90m320 ms - 108930[39m
[35m[HTTP][39m [90m[39m
[35m[HTTP][39m [37m-->[39m [37mPOST[39m [37m/wd/hub/session/b43ff8b9-a553-4da0-b5e3-f01f884374f0/elements[39m
[35m[HTTP][39m [90m{"using":"xpath","value":"//*[@class = 'android.widget.TextView' and (@text = 'Accessibility' or . = 'Accessibility') and @resource-id = 'android:id/text1']"}[39m
[35m[HTTP][39m [37m<-- POST /wd/hub/session/b43ff8b9-a553-4da0-b5e3-f01f884374f0/elements [39m[32m200[39m [90m250 ms - 139[39m
[35m[HTTP][39m [90m[39m
[35m[HTTP][39m [37m-->[39m [37mGET[39m [37m/wd/hub/session/b43ff8b9-a553-4da0-b5e3-f01f884374f0/window/rect[39m
[35m[HTTP][39m [90m{}[39m
[35m[HTTP][39m [37m<-- GET /wd/hub/session/b43ff8b9-a553-4da0-b5e3-f01f884374f0/window/rect [39m[32m200[39m [90m13 ms - 50[39m
[35m[HTTP][39m [90m[39m
[35m[HTTP][39m [37m-->[39m [37mPOST[39m [37m/wd/hub/session/b43ff8b9-a553-4da0-b5e3-f01f884374f0/elements[39m
[35m[HTTP][39m [90m{"using":"xpath","value":"//*[@class = 'android.widget.TextView' and (@text = 'Accessibility' or . = 'Accessibility') and @resource-id = 'android:id/text1']"}[39m
[35m[HTTP][39m [37m<-- POST /wd/hub/session/b43ff8b9-a553-4da0-b5e3-f01f884374f0/elements [39m[32m200[39m [90m98 ms - 139[39m
[35m[HTTP][39m [90m[39m
[35m[HTTP][39m [37m-->[39m [37mGET[39m [37m/wd/hub/session/b43ff8b9-a553-4da0-b5e3-f01f884374f0/element/00000000-0000-0094-ffff-ffff0000000a/location[39m
[35m[HTTP][39m [90m{}[39m
[35m[W3C (b43ff8b9)][39m Driver proxy active, passing request on via HTTP proxy
[35m[WD Proxy][39m Replacing sessionId 4d9cb99d-b3ea-4302-bda0-3f7d3c925351 with b43ff8b9-a553-4da0-b5e3-f01f884374f0
[35m[HTTP][39m [37m<-- GET /wd/hub/session/b43ff8b9-a553-4da0-b5e3-f01f884374f0/element/00000000-0000-0094-ffff-ffff0000000a/location [39m[32m200[39m [90m22 ms - 76[39m
[35m[HTTP][39m [90m[39m
[35m[HTTP][39m [37m-->[39m [37mPOST[39m [37m/wd/hub/session/b43ff8b9-a553-4da0-b5e3-f01f884374f0/element/00000000-0000-0094-ffff-ffff0000000a/click[39m
[35m[HTTP][39m [90m{"id":"00000000-0000-0094-ffff-ffff0000000a"}[39m
[35m[HTTP][39m [37m<-- POST /wd/hub/session/b43ff8b9-a553-4da0-b5e3-f01f884374f0/element/00000000-0000-0094-ffff-ffff0000000a/click [39m[32m200[39m [90m864 ms - 14[39m
[35m[HTTP][39m [90m[39m
[35m[HTTP][39m [37m-->[39m [37mGET[39m [37m/wd/hub/session/b43ff8b9-a553-4da0-b5e3-f01f884374f0/source[39m
[35m[HTTP][39m [90m{}[39m
[35m[W3C (b43ff8b9)][39m Driver proxy active, passing request on via HTTP proxy
[35m[WD Proxy][39m Replacing sessionId 4d9cb99d-b3ea-4302-bda0-3f7d3c925351 with b43ff8b9-a553-4da0-b5e3-f01f884374f0
[35m[HTTP][39m [37m<-- GET /wd/hub/session/b43ff8b9-a553-4da0-b5e3-f01f884374f0/source [39m[32m200[39m [90m27 ms - 5151[39m
[35m[HTTP][39m [90m[39m
[35m[HTTP][39m [37m-->[39m [37mGET[39m [37m/wd/hub/session/b43ff8b9-a553-4da0-b5e3-f01f884374f0/screenshot[39m
[35m[HTTP][39m [90m{}[39m
[35m[HTTP][39m [37m<-- GET /wd/hub/session/b43ff8b9-a553-4da0-b5e3-f01f884374f0/screenshot [39m[32m200[39m [90m359 ms - 95378[39m
[35m[HTTP][39m [90m[39m
[35m[HTTP][39m [37m-->[39m [37mGET[39m [37m/wd/hub/session/b43ff8b9-a553-4da0-b5e3-f01f884374f0/context[39m
[35m[HTTP][39m [90m{}[39m
[35m[HTTP][39m [37m<-- GET /wd/hub/session/b43ff8b9-a553-4da0-b5e3-f01f884374f0/context [39m[32m200[39m [90m2 ms - 22[39m
[35m[HTTP][39m [90m[39m
[35m[HTTP][39m [37m-->[39m [37mGET[39m [37m/wd/hub/session/b43ff8b9-a553-4da0-b5e3-f01f884374f0/contexts[39m
[35m[HTTP][39m [90m{}[39m
[35m[HTTP][39m [37m<-- GET /wd/hub/session/b43ff8b9-a553-4da0-b5e3-f01f884374f0/contexts [39m[32m200[39m [90m93 ms - 24[39m
[35m[HTTP][39m [90m[39m
[35m[HTTP][39m [37m-->[39m [37mPOST[39m [37m/wd/hub/session/b43ff8b9-a553-4da0-b5e3-f01f884374f0/context[39m
[35m[HTTP][39m [90m{"name":"NATIVE_APP"}[39m
[35m[HTTP][39m [37m<-- POST /wd/hub/session/b43ff8b9-a553-4da0-b5e3-f01f884374f0/context [39m[32m200[39m [90m1 ms - 14[39m
[35m[HTTP][39m [90m[39m
[35m[HTTP][39m [37m-->[39m [37mPOST[39m [37m/wd/hub/session/b43ff8b9-a553-4da0-b5e3-f01f884374f0/appium/device/press_keycode[39m
[35m[HTTP][39m [90m{"keycode":4}[39m
[35m[HTTP][39m [37m<-- POST /wd/hub/session/b43ff8b9-a553-4da0-b5e3-f01f884374f0/appium/device/press_keycode [39m[32m200[39m [90m468 ms - 14[39m
[35m[HTTP][39m [90m[39m
[35m[HTTP][39m [37m-->[39m [37mPOST[39m [37m/wd/hub/session/b43ff8b9-a553-4da0-b5e3-f01f884374f0/context[39m
[35m[HTTP][39m [90m{"name":"NATIVE_APP"}[39m
[35m[HTTP][39m [37m<-- POST /wd/hub/session/b43ff8b9-a553-4da0-b5e3-f01f884374f0/context [39m[32m200[39m [90m1 ms - 14[39m
[35m[HTTP][39m [90m[39m
[35m[HTTP][39m [37m-->[39m [37mGET[39m [37m/wd/hub/session/b43ff8b9-a553-4da0-b5e3-f01f884374f0/source[39m
[35m[HTTP][39m [90m{}[39m
[35m[W3C (b43ff8b9)][39m Driver proxy active, passing request on via HTTP proxy
[35m[WD Proxy][39m Replacing sessionId 4d9cb99d-b3ea-4302-bda0-3f7d3c925351 with b43ff8b9-a553-4da0-b5e3-f01f884374f0
[35m[HTTP][39m [37m<-- GET /wd/hub/session/b43ff8b9-a553-4da0-b5e3-f01f884374f0/source [39m[32m200[39m [90m50 ms - 8575[39m
[35m[HTTP][39m [90m[39m
[35m[HTTP][39m [37m-->[39m [37mGET[39m [37m/wd/hub/session/b43ff8b9-a553-4da0-b5e3-f01f884374f0/screenshot[39m
[35m[HTTP][39m [90m{}[39m
[35m[HTTP][39m [37m<-- GET /wd/hub/session/b43ff8b9-a553-4da0-b5e3-f01f884374f0/screenshot [39m[32m200[39m [90m389 ms - 108930[39m
[35m[HTTP][39m [90m[39m
[35m[HTTP][39m [37m-->[39m [37mPOST[39m [37m/wd/hub/session/b43ff8b9-a553-4da0-b5e3-f01f884374f0/elements[39m
[35m[HTTP][39m [90m{"using":"xpath","value":"//*[@class = 'android.widget.TextView' and (@text = 'OS' or . = 'OS') and @resource-id = 'android:id/text1']"}[39m
[35m[HTTP][39m [37m<-- POST /wd/hub/session/b43ff8b9-a553-4da0-b5e3-f01f884374f0/elements [39m[32m200[39m [90m124 ms - 139[39m
[35m[HTTP][39m [90m[39m
[35m[HTTP][39m [37m-->[39m [37mGET[39m [37m/wd/hub/session/b43ff8b9-a553-4da0-b5e3-f01f884374f0/window/rect[39m
[35m[HTTP][39m [90m{}[39m
[35m[HTTP][39m [37m<-- GET /wd/hub/session/b43ff8b9-a553-4da0-b5e3-f01f884374f0/window/rect [39m[32m200[39m [90m9 ms - 50[39m
[35m[HTTP][39m [90m[39m
[35m[HTTP][39m [37m-->[39m [37mPOST[39m [37m/wd/hub/session/b43ff8b9-a553-4da0-b5e3-f01f884374f0/elements[39m
[35m[HTTP][39m [90m{"using":"xpath","value":"//*[@class = 'android.widget.TextView' and (@text = 'OS' or . = 'OS') and @resource-id = 'android:id/text1']"}[39m
[35m[HTTP][39m [37m<-- POST /wd/hub/session/b43ff8b9-a553-4da0-b5e3-f01f884374f0/elements [39m[32m200[39m [90m117 ms - 139[39m
[35m[HTTP][39m [90m[39m
[35m[HTTP][39m [37m-->[39m [37mGET[39m [37m/wd/hub/session/b43ff8b9-a553-4da0-b5e3-f01f884374f0/element/00000000-0000-0094-ffff-ffff00000011/location[39m
[35m[HTTP][39m [90m{}[39m
[35m[W3C (b43ff8b9)][39m Driver proxy active, passing request on via HTTP proxy
[35m[WD Proxy][39m Replacing sessionId 4d9cb99d-b3ea-4302-bda0-3f7d3c925351 with b43ff8b9-a553-4da0-b5e3-f01f884374f0
[35m[HTTP][39m [37m<-- GET /wd/hub/session/b43ff8b9-a553-4da0-b5e3-f01f884374f0/element/00000000-0000-0094-ffff-ffff00000011/location [39m[32m200[39m [90m23 ms - 77[39m
[35m[HTTP][39m [90m[39m
[35m[HTTP][39m [37m-->[39m [37mPOST[39m [37m/wd/hub/session/b43ff8b9-a553-4da0-b5e3-f01f884374f0/element/00000000-0000-0094-ffff-ffff00000011/click[39m
[35m[HTTP][39m [90m{"id":"00000000-0000-0094-ffff-ffff00000011"}[39m
[35m[HTTP][39m [37m<-- POST /wd/hub/session/b43ff8b9-a553-4da0-b5e3-f01f884374f0/element/00000000-0000-0094-ffff-ffff00000011/click [39m[32m200[39m [90m862 ms - 14[39m
[35m[HTTP][39m [90m[39m
[35m[HTTP][39m [37m-->[39m [37mGET[39m [37m/wd/hub/session/b43ff8b9-a553-4da0-b5e3-f01f884374f0/source[39m
[35m[HTTP][39m [90m{}[39m
[35m[W3C (b43ff8b9)][39m Driver proxy active, passing request on via HTTP proxy
[35m[WD Proxy][39m Replacing sessionId 4d9cb99d-b3ea-4302-bda0-3f7d3c925351 with b43ff8b9-a553-4da0-b5e3-f01f884374f0
[35m[HTTP][39m [37m<-- GET /wd/hub/session/b43ff8b9-a553-4da0-b5e3-f01f884374f0/source [39m[32m200[39m [90m27 ms - 5069[39m
[35m[HTTP][39m [90m[39m
[35m[HTTP][39m [37m-->[39m [37mGET[39m [37m/wd/hub/session/b43ff8b9-a553-4da0-b5e3-f01f884374f0/screenshot[39m
[35m[HTTP][39m [90m{}[39m
[35m[HTTP][39m [37m<-- GET /wd/hub/session/b43ff8b9-a553-4da0-b5e3-f01f884374f0/screenshot [39m[32m200[39m [90m367 ms - 78838[39m
[35m[HTTP][39m [90m[39m
[35m[HTTP][39m [37m-->[39m [37mGET[39m [37m/wd/hub/session/b43ff8b9-a553-4da0-b5e3-f01f884374f0/context[39m
[35m[HTTP][39m [90m{}[39m
[35m[HTTP][39m [37m<-- GET /wd/hub/session/b43ff8b9-a553-4da0-b5e3-f01f884374f0/context [39m[32m200[39m [90m1 ms - 22[39m
[35m[HTTP][39m [90m[39m
[35m[HTTP][39m [37m-->[39m [37mGET[39m [37m/wd/hub/session/b43ff8b9-a553-4da0-b5e3-f01f884374f0/contexts[39m
[35m[HTTP][39m [90m{}[39m
[35m[HTTP][39m [37m<-- GET /wd/hub/session/b43ff8b9-a553-4da0-b5e3-f01f884374f0/contexts [39m[32m200[39m [90m105 ms - 24[39m
[35m[HTTP][39m [90m[39m
[35m[HTTP][39m [37m-->[39m [37mPOST[39m [37m/wd/hub/session/b43ff8b9-a553-4da0-b5e3-f01f884374f0/context[39m
[35m[HTTP][39m [90m{"name":"NATIVE_APP"}[39m
[35m[HTTP][39m [37m<-- POST /wd/hub/session/b43ff8b9-a553-4da0-b5e3-f01f884374f0/context [39m[32m200[39m [90m1 ms - 14[39m
[35m[HTTP][39m [90m[39m
[35m[HTTP][39m [37m-->[39m [37mPOST[39m [37m/wd/hub/session/b43ff8b9-a553-4da0-b5e3-f01f884374f0/appium/device/press_keycode[39m
[35m[HTTP][39m [90m{"keycode":4}[39m
[35m[HTTP][39m [37m<-- POST /wd/hub/session/b43ff8b9-a553-4da0-b5e3-f01f884374f0/appium/device/press_keycode [39m[32m200[39m [90m463 ms - 14[39m
[35m[HTTP][39m [90m[39m
[35m[HTTP][39m [37m-->[39m [37mPOST[39m [37m/wd/hub/session/b43ff8b9-a553-4da0-b5e3-f01f884374f0/context[39m
[35m[HTTP][39m [90m{"name":"NATIVE_APP"}[39m
[35m[HTTP][39m [37m<-- POST /wd/hub/session/b43ff8b9-a553-4da0-b5e3-f01f884374f0/context [39m[32m200[39m [90m1 ms - 14[39m
[35m[HTTP][39m [90m[39m
[35m[HTTP][39m [37m-->[39m [37mGET[39m [37m/wd/hub/session/b43ff8b9-a553-4da0-b5e3-f01f884374f0/source[39m
[35m[HTTP][39m [90m{}[39m
[35m[W3C (b43ff8b9)][39m Driver proxy active, passing request on via HTTP proxy
[35m[WD Proxy][39m Replacing sessionId 4d9cb99d-b3ea-4302-bda0-3f7d3c925351 with b43ff8b9-a553-4da0-b5e3-f01f884374f0
[35m[HTTP][39m [37m<-- GET /wd/hub/session/b43ff8b9-a553-4da0-b5e3-f01f884374f0/source [39m[32m200[39m [90m55 ms - 8575[39m
[35m[HTTP][39m [90m[39m
[35m[HTTP][39m [37m-->[39m [37mGET[39m [37m/wd/hub/session/b43ff8b9-a553-4da0-b5e3-f01f884374f0/screenshot[39m
[35m[HTTP][39m [90m{}[39m
[35m[HTTP][39m [37m<-- GET /wd/hub/session/b43ff8b9-a553-4da0-b5e3-f01f884374f0/screenshot [39m[32m200[39m [90m340 ms - 108420[39m
[35m[HTTP][39m [90m[39m
[35m[HTTP][39m [37m-->[39m [37mDELETE[39m [37m/wd/hub/session/b43ff8b9-a553-4da0-b5e3-f01f884374f0[39m
[35m[HTTP][39m [90m{}[39m
[35m[Appium][39m Removing session b43ff8b9-a553-4da0-b5e3-f01f884374f0 from our master session list
[35m[UiAutomator2][39m Restoring hidden api policy to the device default configuration
[35m[HTTP][39m [37m<-- DELETE /wd/hub/session/b43ff8b9-a553-4da0-b5e3-f01f884374f0 [39m[32m200[39m [90m409 ms - 14[39m
[35m[HTTP][39m [90m[39m
